Build started 3/3/2014 7:51:17 PM.
     1>Project "D:\dndgame\branches\Bradcpp\DNDgame\DNDgame\DNDgame.vcxproj" on node 2 (Build target(s)).
     1>ClCompile:
         C:\Program Files (x86)\Microsoft Visual Studio 11.0\VC\bin\CL.exe /c /I"D:\dndgame\branches\Bradcpp\TGUI-0.6.1 Visual C++11\TGUI-0.6.1 Visual C++11\include" /I"D:\dndgame\branches\Bradcpp\SFML-2.1-windows-vc11-32bits\SFML-2.1\include" /Zi /nologo /W3 /WX- /O2 /Oi /Oy- /GL /D SFML_STATIC /D _MBCS /Gm- /EHsc /MD /GS /Gy /fp:precise /Zc:wchar_t /Zc:forScope /Fo"Release\\" /Fd"Release\vc110.pdb" /Gd /TP /analyze- /errorReport:prompt main.cpp ViewGui.cpp
         main.cpp
     1>main.cpp(17): warning C4244: 'argument' : conversion from 'unsigned int' to 'float', possible loss of data
     1>main.cpp(18): warning C4244: 'argument' : conversion from 'unsigned int' to 'float', possible loss of data
     1>main.cpp(39): warning C4244: 'argument' : conversion from 'double' to 'float', possible loss of data
     1>main.cpp(39): warning C4244: 'argument' : conversion from 'int' to 'float', possible loss of data
     1>main.cpp(59): warning C4244: 'argument' : conversion from 'unsigned int' to 'float', possible loss of data
     1>main.cpp(60): warning C4244: 'argument' : conversion from 'unsigned int' to 'float', possible loss of data
     1>main.cpp(61): warning C4244: 'argument' : conversion from 'unsigned int' to 'float', possible loss of data
     1>main.cpp(66): warning C4244: 'argument' : conversion from 'double' to 'float', possible loss of data
     1>main.cpp(66): warning C4244: 'argument' : conversion from 'int' to 'float', possible loss of data
     1>main.cpp(106): warning C4018: '<' : signed/unsigned mismatch
         ViewGui.cpp
       Link:
         C:\Program Files (x86)\Microsoft Visual Studio 11.0\VC\bin\link.exe /ERRORREPORT:PROMPT /OUT:"D:\dndgame\branches\Bradcpp\DNDgame\Release\DNDgame.exe" /NOLOGO /LIBPATH:"D:\dndgame\branches\Bradcpp\TGUI-0.6.1 Visual C++11\TGUI-0.6.1 Visual C++11\lib\TGUI" /LIBPATH:"D:\dndgame\branches\Bradcpp\SFML-2.1-windows-vc11-32bits\SFML-2.1\lib" "sfml-graphics-s.lib" "sfml-window-s.lib" "sfml-system-s.lib" "tgui-s.lib" kernel32.lib user32.lib gdi32.lib winspool.lib comdlg32.lib advapi32.lib shell32.lib ole32.lib oleaut32.lib uuid.lib odbc32.lib odbccp32.lib /MANIFEST /MANIFESTUAC:"level='asInvoker' uiAccess='false'" /manifest:embed /DEBUG /PDB:"D:\dndgame\branches\Bradcpp\DNDgame\Release\DNDgame.pdb" /OPT:REF /OPT:ICF /LTCG /TLBID:1 /DYNAMICBASE /NXCOMPAT /IMPLIB:"D:\dndgame\branches\Bradcpp\DNDgame\Release\DNDgame.lib" /MACHINE:X86 /SAFESEH Release\main.obj
         Release\ViewGui.obj
         Generating code
         Finished generating code
         DNDgame.vcxproj -> D:\dndgame\branches\Bradcpp\DNDgame\Release\DNDgame.exe
     1>Done Building Project "D:\dndgame\branches\Bradcpp\DNDgame\DNDgame\DNDgame.vcxproj" (Build target(s)).

Build succeeded.

Time Elapsed 00:00:03.01
